running egg_info
writing ../../build/cerebra/cerebra.egg-info/PKG-INFO
writing dependency_links to ../../build/cerebra/cerebra.egg-info/dependency_links.txt
writing entry points to ../../build/cerebra/cerebra.egg-info/entry_points.txt
writing requirements to ../../build/cerebra/cerebra.egg-info/requires.txt
writing top-level names to ../../build/cerebra/cerebra.egg-info/top_level.txt
reading manifest file '../../build/cerebra/cerebra.egg-info/SOURCES.txt'
writing manifest file '../../build/cerebra/cerebra.egg-info/SOURCES.txt'
running build
running build_py
copying cerebra/motor_control.py -> /home/pib/pibros/build/cerebra/build/lib/cerebra
running install
/usr/lib/python3/dist-packages/setuptools/command/install.py:34: SetuptoolsDeprecationWarning: setup.py install is deprecated. Use build and pip and other standards-based tools.
  warnings.warn(
running install_lib
copying /home/pib/pibros/build/cerebra/build/lib/cerebra/motor_control.py -> /home/pib/pibros/install/cerebra/lib/python3.10/site-packages/cerebra
byte-compiling /home/pib/pibros/install/cerebra/lib/python3.10/site-packages/cerebra/motor_control.py to motor_control.cpython-310.pyc
running install_data
running install_egg_info
removing '/home/pib/pibros/install/cerebra/lib/python3.10/site-packages/cerebra-0.0.0-py3.10.egg-info' (and everything under it)
Copying ../../build/cerebra/cerebra.egg-info to /home/pib/pibros/install/cerebra/lib/python3.10/site-packages/cerebra-0.0.0-py3.10.egg-info
running install_scripts
Installing motor_control script to /home/pib/pibros/install/cerebra/lib/cerebra
writing list of installed files to '/home/pib/pibros/build/cerebra/install.log'
